[    2193ms] [ERROR] A tree hydrated but some attributes of the server rendered HTML didn't match the client properties. This won't be patched up. This can happen if a SSR-ed Client Component used:

- A server/client branch `if (typeof window !== 'undefined')`.
- Variable input such as `Date.now()` or `Math.random()` which changes each time it's called.
- Date formatting in a user's locale which doesn't match the server.
- External changing data without sending a snapshot of it along with the HTML.
- Invalid HTML tag nesting.

It can also happen if the client has a browser extension installed which messes with the HTML before React loaded.

%s%s https://react.dev/link/hydration-mismatch 

  <StartClient>
    <Await promise={Promise}>
      <AwaitInner promise={Promise}>
        <RouterProvider router={{...}}>
          <RouterContextProvider router={{...}}>
            <Matches>
              <SafeFragment fallback={null}>
                <Transitioner>
                <MatchesInner>
                  <CatchBoundary getResetKey={function getResetKey} errorComponent={function ErrorComponent} ...>
                    <CatchBoundaryImpl getResetKey={function getResetKey} onCatch={function}>
                      <MatchImpl matchId="__root__/">
                        <RootDocument>
                          <html
                            lang="en"
-                           data-theme="light"
-                           style={{color-scheme:"light"}}
                          >
 @ http://localhost:3000/node_modules/.vite/deps/react-dom_client.js?v=f136c10c:4072
[  197710ms] [ERROR] A tree hydrated but some attributes of the server rendered HTML didn't match the client properties. This won't be patched up. This can happen if a SSR-ed Client Component used:

- A server/client branch `if (typeof window !== 'undefined')`.
- Variable input such as `Date.now()` or `Math.random()` which changes each time it's called.
- Date formatting in a user's locale which doesn't match the server.
- External changing data without sending a snapshot of it along with the HTML.
- Invalid HTML tag nesting.

It can also happen if the client has a browser extension installed which messes with the HTML before React loaded.

%s%s https://react.dev/link/hydration-mismatch 

  <StartClient>
    <Await promise={Promise}>
      <AwaitInner promise={Promise}>
        <RouterProvider router={{...}}>
          <RouterContextProvider router={{...}}>
            <Matches>
              <SafeFragment fallback={null}>
                <Transitioner>
                <MatchesInner>
                  <CatchBoundary getResetKey={function getResetKey} errorComponent={function ErrorComponent} ...>
                    <CatchBoundaryImpl getResetKey={function getResetKey} onCatch={function}>
                      <MatchImpl matchId="__root__/">
                        <RootDocument>
                          <html
                            lang="en"
-                           data-theme="light"
-                           style={{color-scheme:"light"}}
                          >
 @ http://localhost:3000/node_modules/.vite/deps/react-dom_client.js?v=f136c10c:4072
[ 1070167ms] [ERROR] %o

%s

%s
 NotFoundError: Failed to execute 'removeChild' on 'Node': The node to be removed is not a child of this node.
    at removeChild (http://localhost:3000/node_modules/.vite/deps/react-dom_client.js?v=f136c10c:15918:24)
    at runWithFiberInDEV (http://localhost:3000/node_modules/.vite/deps/react-dom_client.js?v=f136c10c:997:72)
    at commitDeletionEffectsOnFiber (http://localhost:3000/node_modules/.vite/deps/react-dom_client.js?v=f136c10c:10190:19)
    at recursivelyTraverseDeletionEffects (http://localhost:3000/node_modules/.vite/deps/react-dom_client.js?v=f136c10c:10115:11)
    at commitDeletionEffectsOnFiber (http://localhost:3000/node_modules/.vite/deps/react-dom_client.js?v=f136c10c:10237:13)
    at recursivelyTraverseDeletionEffects (http://localhost:3000/node_modules/.vite/deps/react-dom_client.js?v=f136c10c:10115:11)
    at commitDeletionEffectsOnFiber (http://localhost:3000/node_modules/.vite/deps/react-dom_client.js?v=f136c10c:10237:13)
    at recursivelyTraverseDeletionEffects (http://localhost:3000/node_modules/.vite/deps/react-dom_client.js?v=f136c10c:10115:11)
    at commitDeletionEffectsOnFiber (http://localhost:3000/node_modules/.vite/deps/react-dom_client.js?v=f136c10c:10146:13)
    at recursivelyTraverseDeletionEffects (http://localhost:3000/node_modules/.vite/deps/react-dom_client.js?v=f136c10c:10115:11) The above error occurred in the <link> component. React will try to recreate this component tree from scratch using the error boundary you provided, CatchBoundaryImpl. @ http://localhost:3000/node_modules/.vite/deps/react-dom_client.js?v=f136c10c:7000
[ 1070169ms] [WARNING] Warning: The following error wasn't caught by any route! At the very least, consider setting an 'errorComponent' in your RootRoute! @ http://localhost:3000/node_modules/.pnpm/tiny-warning@1.0.3/node_modules/tiny-warning/dist/tiny-warning.esm.js?v=f136c10c:8
[ 1070170ms] [WARNING] Warning: Failed to execute 'removeChild' on 'Node': The node to be removed is not a child of this node. @ http://localhost:3000/node_modules/.pnpm/tiny-warning@1.0.3/node_modules/tiny-warning/dist/tiny-warning.esm.js?v=f136c10c:8
